<?xml version="1.0" encoding="UTF-8"?>
<!-- Generated by org.testng.reporters.JUnitReportReporter -->
<testsuite skipped="0" hostname="PC-PC" name="RegisterationANDLogin.SignUP" tests="1" failures="0" timestamp="23 Jan 2019 13:38:12 GMT" time="23.073" errors="0">
  <testcase name="signUp" time="23.073" classname="RegisterationANDLogin.SignUP"/>
</testsuite> <!-- RegisterationANDLogin.SignUP -->
