<?xml version="1.0" encoding="UTF-8"?>
<!-- Generated by org.testng.reporters.JUnitReportReporter -->
<testsuite skipped="0" hostname="PC-PC" name="registerationANDLogin.Login" tests="1" failures="0" timestamp="25 Jan 2019 11:36:55 GMT" time="17.761" errors="0">
  <testcase name="loginUser" time="17.761" classname="registerationANDLogin.Login"/>
</testsuite> <!-- registerationANDLogin.Login -->
