<?xml version="1.0" encoding="UTF-8"?>
<!-- Generated by org.testng.reporters.JUnitReportReporter -->
<testsuite skipped="0" hostname="PC-PC" name="RegisterationANDLogin.Login" tests="1" failures="0" timestamp="24 Jan 2019 15:01:07 GMT" time="15.466" errors="0">
  <testcase name="loginUser" time="15.466" classname="RegisterationANDLogin.Login"/>
</testsuite> <!-- RegisterationANDLogin.Login -->
